
****** PlanAhead v14.7 (64-bit)
  **** Build 321239 by xbuild on Fri Sep 27 19:29:51 MDT 2013
    ** Copyright 1986-1999, 2001-2013 Xilinx, Inc. All Rights Reserved.

INFO: [Common 17-78] Attempting to get a license: PlanAhead
INFO: [Common 17-290] Got license for PlanAhead
INFO: [Device 21-36] Loading parts and site information from D:/ise/14.7/ISE_DS/PlanAhead/data/parts/arch.xml
Parsing RTL primitives file [D:/ise/14.7/ISE_DS/PlanAhead/data/parts/xilinx/rtl/prims/rtl_prims.xml]
Finished parsing RTL primitives file [D:/ise/14.7/ISE_DS/PlanAhead/data/parts/xilinx/rtl/prims/rtl_prims.xml]
start_gui
source D:/zuchengyuanli/cuncuqi1/pa.fromHdl.tcl
# create_project -name cuncuqi1 -dir "D:/zuchengyuanli/cuncuqi1/planAhead_run_2" -part xc7a100tfgg484-2L
# set_param project.pinAheadLayout yes
# set srcset [get_property srcset [current_run -impl]]
# set_property target_constrs_file "top_RAM_B.ucf" [current_fileset -constrset]
Adding file 'D:/zuchengyuanli/cuncuqi1/top_RAM_B.ucf' to fileset 'constrs_1'
# add_files [list {ipcore_dir/RAMB.ngc}]
# set hdlfile [add_files [list {ipcore_dir/RAMB.v}]]
# set_property file_type Verilog $hdlfile
# set_property library work $hdlfile
# set hdlfile [add_files [list {top.v}]]
# set_property file_type Verilog $hdlfile
# set_property library work $hdlfile
# set_property top top_RAM_B $srcset
# add_files [list {top_RAM_B.ucf}] -fileset [get_property constrset [current_run]]
# add_files [list {ipcore_dir/RAMB.ncf}] -fileset [get_property constrset [current_run]]
# open_rtl_design -part xc7a100tfgg484-2L
Using Verific elaboration
Parsing VHDL file "D:/ise/14.7/ISE_DS/PlanAhead/data/parts/xilinx/rtl/lib/synplify/synattr.vhd" into library synplify
Analyzing Verilog file "D:/zuchengyuanli/cuncuqi1/ipcore_dir/RAMB.v" into library work
Analyzing Verilog file "D:/zuchengyuanli/cuncuqi1/top.v" into library work
Release 14.7 - ngc2edif P.20131013 (nt64)
Copyright (c) 1995-2013 Xilinx, Inc.  All rights reserved.
Reading design RAMB.ngc ...
WARNING:NetListWriters:298 - No output is written to RAMB.xncf, ignored.
Processing design ...
   Preping design's networks ...
   Preping design's macros ...
  finished :Prep
Writing EDIF netlist file RAMB.edif ...
ngc2edif: Total memory usage is 4316840 kilobytes

Reading core file 'D:/zuchengyuanli/cuncuqi1/ipcore_dir/RAMB.ngc' for (cell view 'RAMB', library 'work', file 'RAMB.v')
Parsing EDIF File [./.Xil/PlanAhead-6092-LAPTOP-RLSMDEM0/ngc2edif/RAMB.edif]
Finished Parsing EDIF File [./.Xil/PlanAhead-6092-LAPTOP-RLSMDEM0/ngc2edif/RAMB.edif]
INFO: [Netlist 29-17] Analyzing 1 Unisim elements for replacement
INFO: [Netlist 29-28] Unisim Transformation completed in 0 CPU seconds
Loading clock regions from D:/ise/14.7/ISE_DS/PlanAhead/data\parts/xilinx/artix7/artix7/xc7a100t/ClockRegion.xml
Loading clock buffers from D:/ise/14.7/ISE_DS/PlanAhead/data\parts/xilinx/artix7/artix7/xc7a100t/ClockBuffers.xml
Loading clock placement rules from D:/ise/14.7/ISE_DS/PlanAhead/data/parts/xilinx/artix7/ClockPlacerRules.xml
Loading package pin functions from D:/ise/14.7/ISE_DS/PlanAhead/data\parts/xilinx/artix7/PinFunctions.xml...
Loading package from D:/ise/14.7/ISE_DS/PlanAhead/data\parts/xilinx/artix7/artix7/xc7a100t/fgg484/Package.xml
Loading io standards from D:/ise/14.7/ISE_DS/PlanAhead/data\./parts/xilinx/artix7/IOStandards.xml
Loading device configuration modes from D:/ise/14.7/ISE_DS/PlanAhead/data\parts/xilinx/artix7/ConfigModes.xml
Loading list of drcs for the architecture : D:/ise/14.7/ISE_DS/PlanAhead/data\./parts/xilinx/artix7/drc.xml
Parsing UCF File [D:/zuchengyuanli/cuncuqi1/top_RAM_B.ucf]
Finished Parsing UCF File [D:/zuchengyuanli/cuncuqi1/top_RAM_B.ucf]
INFO: [Project 1-111] Unisim Transformation Summary:
No Unisim elements were transformed.

Phase 0 | Netlist Checksum: 9e588096
open_rtl_design: Time (s): elapsed = 00:00:09 . Memory (MB): peak = 869.586 ; gain = 373.531
update_compile_order -fileset sim_1
startgroup
set_property package_pin P1 [get_ports {LED[5]}]
endgroup
exit
ERROR: [Common 17-39] 'stop_gui' failed due to earlier errors.
INFO: [Common 17-206] Exiting PlanAhead at Sun May 15 21:59:16 2022...
INFO: [Common 17-83] Releasing license: PlanAhead
